OrderId: oW9LSA4gcBgx9D7f481n
Glide API request body: {
  "appID": "5gyrohBpLyf0trjfoHsp",
  "queries": [
    {
      "tableName": "native-table-efbe8bf7-3e63-4734-9e3b-f8b56ae718f3",
      "utc": true,
      "offset": 0,
      "limit": 1000,
      "filters": [
        {
          "column": "DkAjz",
          "condition": "is",
          "value": "oW9LSA4gcBgx9D7f481n"
        }
      ]
    }
  ]
}
OrderId: hi4lk6IHSFA8b1TmdByW
Glide API request body: {
  "appID": "5gyrohBpLyf0trjfoHsp",
  "queries": [
    {
      "tableName": "native-table-efbe8bf7-3e63-4734-9e3b-f8b56ae718f3",
      "utc": true,
      "offset": 0,
      "limit": 1000,
      "filters": [
        {
          "column": "DkAjz",
          "condition": "is",
          "value": "hi4lk6IHSFA8b1TmdByW"
        }
      ]
    }
  ]
}
OrderId: 2XKW2Iflz1UGcRbu7vvp
Glide API request body: {
  "appID": "5gyrohBpLyf0trjfoHsp",
  "queries": [
    {
      "tableName": "native-table-efbe8bf7-3e63-4734-9e3b-f8b56ae718f3",
      "utc": true,
      "offset": 0,
      "limit": 1000,
      "filters": [
        {
          "column": "DkAjz",
          "condition": "is",
          "value": "2XKW2Iflz1UGcRbu7vvp"
        }
      ]
    }
  ]
}
OrderId: 64MnDjekwYt25dS5bZ5x
Glide API request body: {
  "appID": "5gyrohBpLyf0trjfoHsp",
  "queries": [
    {
      "tableName": "native-table-efbe8bf7-3e63-4734-9e3b-f8b56ae718f3",
      "utc": true,
      "offset": 0,
      "limit": 1000,
      "filters": [
        {
          "column": "DkAjz",
          "condition": "is",
          "value": "64MnDjekwYt25dS5bZ5x"
        }
      ]
    }
  ]
}
OrderId: TlLfAhXhwH8tMDptEHQZ
Glide API request body: {
  "appID": "5gyrohBpLyf0trjfoHsp",
  "queries": [
    {
      "tableName": "native-table-efbe8bf7-3e63-4734-9e3b-f8b56ae718f3",
      "utc": true,
      "offset": 0,
      "limit": 1000,
      "filters": [
        {
          "column": "DkAjz",
          "condition": "is",
          "value": "TlLfAhXhwH8tMDptEHQZ"
        }
      ]
    }
  ]
}
OrderId: dBZNOwaQwPGSXNeRNGCw
Glide API request body: {
  "appID": "5gyrohBpLyf0trjfoHsp",
  "queries": [
    {
      "tableName": "native-table-efbe8bf7-3e63-4734-9e3b-f8b56ae718f3",
      "utc": true,
      "offset": 0,
      "limit": 1000,
      "filters": [
        {
          "column": "DkAjz",
          "condition": "is",
          "value": "dBZNOwaQwPGSXNeRNGCw"
        }
      ]
    }
  ]
}
OrderId: fdb31n3R8mgmVaFCtr9l
Glide API request body: {
  "appID": "5gyrohBpLyf0trjfoHsp",
  "queries": [
    {
      "tableName": "native-table-efbe8bf7-3e63-4734-9e3b-f8b56ae718f3",
      "utc": true,
      "offset": 0,
      "limit": 1000,
      "filters": [
        {
          "column": "DkAjz",
          "condition": "is",
          "value": "fdb31n3R8mgmVaFCtr9l"
        }
      ]
    }
  ]
}
OrderId: BWvIAV666ARen94jIt6W
Glide API request body: {
  "appID": "5gyrohBpLyf0trjfoHsp",
  "queries": [
    {
      "tableName": "native-table-efbe8bf7-3e63-4734-9e3b-f8b56ae718f3",
      "utc": true,
      "offset": 0,
      "limit": 1000,
      "filters": [
        {
          "column": "DkAjz",
          "condition": "is",
          "value": "BWvIAV666ARen94jIt6W"
        }
      ]
    }
  ]
}
OrderId: oW9LSA4gcBgx9D7f481n
Glide API request body: {
  "appID": "5gyrohBpLyf0trjfoHsp",
  "queries": [
    {
      "tableName": "native-table-efbe8bf7-3e63-4734-9e3b-f8b56ae718f3",
      "utc": true,
      "offset": 0,
      "limit": 1000,
      "filters": [
        {
          "column": "DkAjz",
          "condition": "is",
          "value": "oW9LSA4gcBgx9D7f481n"
        }
      ]
    }
  ]
}
OrderId: hi4lk6IHSFA8b1TmdByW
Glide API request body: {
  "appID": "5gyrohBpLyf0trjfoHsp",
  "queries": [
    {
      "tableName": "native-table-efbe8bf7-3e63-4734-9e3b-f8b56ae718f3",
      "utc": true,
      "offset": 0,
      "limit": 1000,
      "filters": [
        {
          "column": "DkAjz",
          "condition": "is",
          "value": "hi4lk6IHSFA8b1TmdByW"
        }
      ]
    }
  ]
}
OrderId: 2XKW2Iflz1UGcRbu7vvp
Glide API request body: {
  "appID": "5gyrohBpLyf0trjfoHsp",
  "queries": [
    {
      "tableName": "native-table-efbe8bf7-3e63-4734-9e3b-f8b56ae718f3",
      "utc": true,
      "offset": 0,
      "limit": 1000,
      "filters": [
        {
          "column": "DkAjz",
          "condition": "is",
          "value": "2XKW2Iflz1UGcRbu7vvp"
        }
      ]
    }
  ]
}
OrderId: 64MnDjekwYt25dS5bZ5x
Glide API request body: {
  "appID": "5gyrohBpLyf0trjfoHsp",
  "queries": [
    {
      "tableName": "native-table-efbe8bf7-3e63-4734-9e3b-f8b56ae718f3",
      "utc": true,
      "offset": 0,
      "limit": 1000,
      "filters": [
        {
          "column": "DkAjz",
          "condition": "is",
          "value": "64MnDjekwYt25dS5bZ5x"
        }
      ]
    }
  ]
}
OrderId: TlLfAhXhwH8tMDptEHQZ
Glide API request body: {
  "appID": "5gyrohBpLyf0trjfoHsp",
  "queries": [
    {
      "tableName": "native-table-efbe8bf7-3e63-4734-9e3b-f8b56ae718f3",
      "utc": true,
      "offset": 0,
      "limit": 1000,
      "filters": [
        {
          "column": "DkAjz",
          "condition": "is",
          "value": "TlLfAhXhwH8tMDptEHQZ"
        }
      ]
    }
  ]
}
OrderId: dBZNOwaQwPGSXNeRNGCw
Glide API request body: {
  "appID": "5gyrohBpLyf0trjfoHsp",
  "queries": [
    {
      "tableName": "native-table-efbe8bf7-3e63-4734-9e3b-f8b56ae718f3",
      "utc": true,
      "offset": 0,
      "limit": 1000,
      "filters": [
        {
          "column": "DkAjz",
          "condition": "is",
          "value": "dBZNOwaQwPGSXNeRNGCw"
        }
      ]
    }
  ]
}
OrderId: fdb31n3R8mgmVaFCtr9l
Glide API request body: {
  "appID": "5gyrohBpLyf0trjfoHsp",
  "queries": [
    {
      "tableName": "native-table-efbe8bf7-3e63-4734-9e3b-f8b56ae718f3",
      "utc": true,
      "offset": 0,
      "limit": 1000,
      "filters": [
        {
          "column": "DkAjz",
          "condition": "is",
          "value": "fdb31n3R8mgmVaFCtr9l"
        }
      ]
    }
  ]
}
OrderId: O8wfDqR0vfso4h3EFrf1
Glide API request body: {
  "appID": "5gyrohBpLyf0trjfoHsp",
  "queries": [
    {
      "tableName": "native-table-efbe8bf7-3e63-4734-9e3b-f8b56ae718f3",
      "utc": true,
      "offset": 0,
      "limit": 1000,
      "filters": [
        {
          "column": "DkAjz",
          "condition": "is",
          "value": "O8wfDqR0vfso4h3EFrf1"
        }
      ]
    }
  ]
}
OrderId: oW9LSA4gcBgx9D7f481n
Glide API request body: {
  "appID": "5gyrohBpLyf0trjfoHsp",
  "queries": [
    {
      "tableName": "native-table-efbe8bf7-3e63-4734-9e3b-f8b56ae718f3",
      "utc": true,
      "offset": 0,
      "limit": 1000,
      "filters": [
        {
          "column": "DkAjz",
          "condition": "is",
          "value": "oW9LSA4gcBgx9D7f481n"
        }
      ]
    }
  ]
}
OrderId: oW9LSA4gcBgx9D7f481n
Number of rows returned: 1000
First 3 rows: [
  {
    "$rowIndex": "W",
    "$rowID": "a-Lsq5-HhQhKVZZ.RIXe3qg",
    "Name": "vbxUgF0CR8m0JCIpbu-7pg",
    "9TCym": "wuqj75edR0670x.mQmMz0A",
    "DkAjz": "qocT4gYNazmW83Jjv8L2",
    "PpduP": "N/A",
    "foEbv": "Katchicks Foods",
    "Xoe7X": "Sausage Meat",
    "vszQ2": "1kg",
    "wlY2L": 5.8,
    "xdc8z": "DDD Sausage Meat",
    "NmhEQ": "QG-A.oJrSF2AmUnmgpDNUg",
    "xDa3g": 0,
    "1QgnP": 2,
    "1OGzY": "2025-09-06T08:04:01.000Z",
    "hOyM7": "sZRVo5.eS5acf7GEVw6eCw"
  },
  {
    "$rowIndex": "W1",
    "$rowID": "sqhbp9S3QlqQFnHSIONhxg",
    "Name": "D41wLjlsTiSy1JjfdfuRHQ",
    "9TCym": "wuqj75edR0670x.mQmMz0A",
    "DkAjz": "qocT4gYNazmW83Jjv8L2",
    "PpduP": "N/A",
    "foEbv": "Katchicks Foods",
    "Xoe7X": "Pancetta",
    "vszQ2": "500g",
    "wlY2L": 12,
    "xdc8z": "DDD Pancetta",
    "NmhEQ": "QG-A.oJrSF2AmUnmgpDNUg",
    "xDa3g": 0,
    "1QgnP": 2,
    "1OGzY": "2025-09-06T08:04:01.000Z",
    "hOyM7": "sZRVo5.eS5acf7GEVw6eCw"
  },
  {
    "$rowIndex": "WB",
    "$rowID": "uJvODIkuQFinM.TkvKa6Jg",
    "Name": "WPxIhfJ2RPy0Cez7F0irnQ",
    "9TCym": "wuqj75edR0670x.mQmMz0A",
    "DkAjz": "rIvq3dVH7myMFdKGhDgk",
    "PpduP": "5395",
    "foEbv": "Holdsworth",
    "Xoe7X": "Mini Jam Jars",
    "vszQ2": "72 x 28g",
    "wlY2L": 22.5,
    "xdc8z": "",
    "NmhEQ": "QG-A.oJrSF2AmUnmgpDNUg",
    "xDa3g": "0",
    "1QgnP": "",
    "1OGzY": "12/05/2025, 10:50:02",
    "BBgmA": "WqVLXMRHQdKKxC9QwIT3hg",
    "hOyM7": "JKGzpLFSRxCfAxNLKmy33A"
  }
]
OrderId: hi4lk6IHSFA8b1TmdByW
Glide API request body: {
  "appID": "5gyrohBpLyf0trjfoHsp",
  "queries": [
    {
      "tableName": "native-table-efbe8bf7-3e63-4734-9e3b-f8b56ae718f3",
      "utc": true,
      "offset": 0,
      "limit": 1000,
      "filters": [
        {
          "column": "DkAjz",
          "condition": "is",
          "value": "hi4lk6IHSFA8b1TmdByW"
        }
      ]
    }
  ]
}
OrderId: hi4lk6IHSFA8b1TmdByW
Number of rows returned: 1000
First 3 rows: [
  {
    "$rowIndex": "W",
    "$rowID": "a-Lsq5-HhQhKVZZ.RIXe3qg",
    "Name": "vbxUgF0CR8m0JCIpbu-7pg",
    "9TCym": "wuqj75edR0670x.mQmMz0A",
    "DkAjz": "qocT4gYNazmW83Jjv8L2",
    "PpduP": "N/A",
    "foEbv": "Katchicks Foods",
    "Xoe7X": "Sausage Meat",
    "vszQ2": "1kg",
    "wlY2L": 5.8,
    "xdc8z": "DDD Sausage Meat",
    "NmhEQ": "QG-A.oJrSF2AmUnmgpDNUg",
    "xDa3g": 0,
    "1QgnP": 2,
    "1OGzY": "2025-09-06T08:04:01.000Z",
    "hOyM7": "sZRVo5.eS5acf7GEVw6eCw"
  },
  {
    "$rowIndex": "W1",
    "$rowID": "sqhbp9S3QlqQFnHSIONhxg",
    "Name": "D41wLjlsTiSy1JjfdfuRHQ",
    "9TCym": "wuqj75edR0670x.mQmMz0A",
    "DkAjz": "qocT4gYNazmW83Jjv8L2",
    "PpduP": "N/A",
    "foEbv": "Katchicks Foods",
    "Xoe7X": "Pancetta",
    "vszQ2": "500g",
    "wlY2L": 12,
    "xdc8z": "DDD Pancetta",
    "NmhEQ": "QG-A.oJrSF2AmUnmgpDNUg",
    "xDa3g": 0,
    "1QgnP": 2,
    "1OGzY": "2025-09-06T08:04:01.000Z",
    "hOyM7": "sZRVo5.eS5acf7GEVw6eCw"
  },
  {
    "$rowIndex": "WB",
    "$rowID": "uJvODIkuQFinM.TkvKa6Jg",
    "Name": "WPxIhfJ2RPy0Cez7F0irnQ",
    "9TCym": "wuqj75edR0670x.mQmMz0A",
    "DkAjz": "rIvq3dVH7myMFdKGhDgk",
    "PpduP": "5395",
    "foEbv": "Holdsworth",
    "Xoe7X": "Mini Jam Jars",
    "vszQ2": "72 x 28g",
    "wlY2L": 22.5,
    "xdc8z": "",
    "NmhEQ": "QG-A.oJrSF2AmUnmgpDNUg",
    "xDa3g": "0",
    "1QgnP": "",
    "1OGzY": "12/05/2025, 10:50:02",
    "BBgmA": "WqVLXMRHQdKKxC9QwIT3hg",
    "hOyM7": "JKGzpLFSRxCfAxNLKmy33A"
  }
]
OrderId: 2XKW2Iflz1UGcRbu7vvp
Glide API request body: {
  "appID": "5gyrohBpLyf0trjfoHsp",
  "queries": [
    {
      "tableName": "native-table-efbe8bf7-3e63-4734-9e3b-f8b56ae718f3",
      "utc": true,
      "offset": 0,
      "limit": 1000,
      "filters": [
        {
          "column": "DkAjz",
          "condition": "is",
          "value": "2XKW2Iflz1UGcRbu7vvp"
        }
      ]
    }
  ]
}
OrderId: 2XKW2Iflz1UGcRbu7vvp
Number of rows returned: 1000
First 3 rows: [
  {
    "$rowIndex": "W",
    "$rowID": "a-Lsq5-HhQhKVZZ.RIXe3qg",
    "Name": "vbxUgF0CR8m0JCIpbu-7pg",
    "9TCym": "wuqj75edR0670x.mQmMz0A",
    "DkAjz": "qocT4gYNazmW83Jjv8L2",
    "PpduP": "N/A",
    "foEbv": "Katchicks Foods",
    "Xoe7X": "Sausage Meat",
    "vszQ2": "1kg",
    "wlY2L": 5.8,
    "xdc8z": "DDD Sausage Meat",
    "NmhEQ": "QG-A.oJrSF2AmUnmgpDNUg",
    "xDa3g": 0,
    "1QgnP": 2,
    "1OGzY": "2025-09-06T08:04:01.000Z",
    "hOyM7": "sZRVo5.eS5acf7GEVw6eCw"
  },
  {
    "$rowIndex": "W1",
    "$rowID": "sqhbp9S3QlqQFnHSIONhxg",
    "Name": "D41wLjlsTiSy1JjfdfuRHQ",
    "9TCym": "wuqj75edR0670x.mQmMz0A",
    "DkAjz": "qocT4gYNazmW83Jjv8L2",
    "PpduP": "N/A",
    "foEbv": "Katchicks Foods",
    "Xoe7X": "Pancetta",
    "vszQ2": "500g",
    "wlY2L": 12,
    "xdc8z": "DDD Pancetta",
    "NmhEQ": "QG-A.oJrSF2AmUnmgpDNUg",
    "xDa3g": 0,
    "1QgnP": 2,
    "1OGzY": "2025-09-06T08:04:01.000Z",
    "hOyM7": "sZRVo5.eS5acf7GEVw6eCw"
  },
  {
    "$rowIndex": "WB",
    "$rowID": "uJvODIkuQFinM.TkvKa6Jg",
    "Name": "WPxIhfJ2RPy0Cez7F0irnQ",
    "9TCym": "wuqj75edR0670x.mQmMz0A",
    "DkAjz": "rIvq3dVH7myMFdKGhDgk",
    "PpduP": "5395",
    "foEbv": "Holdsworth",
    "Xoe7X": "Mini Jam Jars",
    "vszQ2": "72 x 28g",
    "wlY2L": 22.5,
    "xdc8z": "",
    "NmhEQ": "QG-A.oJrSF2AmUnmgpDNUg",
    "xDa3g": "0",
    "1QgnP": "",
    "1OGzY": "12/05/2025, 10:50:02",
    "BBgmA": "WqVLXMRHQdKKxC9QwIT3hg",
    "hOyM7": "JKGzpLFSRxCfAxNLKmy33A"
  }
]
OrderId: 64MnDjekwYt25dS5bZ5x
Glide API request body: {
  "appID": "5gyrohBpLyf0trjfoHsp",
  "queries": [
    {
      "tableName": "native-table-efbe8bf7-3e63-4734-9e3b-f8b56ae718f3",
      "utc": true,
      "offset": 0,
      "limit": 1000,
      "filters": [
        {
          "column": "DkAjz",
          "condition": "is",
          "value": "64MnDjekwYt25dS5bZ5x"
        }
      ]
    }
  ]
}
OrderId: 64MnDjekwYt25dS5bZ5x
Number of rows returned: 1000
First 3 rows: [
  {
    "$rowIndex": "W",
    "$rowID": "a-Lsq5-HhQhKVZZ.RIXe3qg",
    "Name": "vbxUgF0CR8m0JCIpbu-7pg",
    "9TCym": "wuqj75edR0670x.mQmMz0A",
    "DkAjz": "qocT4gYNazmW83Jjv8L2",
    "PpduP": "N/A",
    "foEbv": "Katchicks Foods",
    "Xoe7X": "Sausage Meat",
    "vszQ2": "1kg",
    "wlY2L": 5.8,
    "xdc8z": "DDD Sausage Meat",
    "NmhEQ": "QG-A.oJrSF2AmUnmgpDNUg",
    "xDa3g": 0,
    "1QgnP": 2,
    "1OGzY": "2025-09-06T08:04:01.000Z",
    "hOyM7": "sZRVo5.eS5acf7GEVw6eCw"
  },
  {
    "$rowIndex": "W1",
    "$rowID": "sqhbp9S3QlqQFnHSIONhxg",
    "Name": "D41wLjlsTiSy1JjfdfuRHQ",
    "9TCym": "wuqj75edR0670x.mQmMz0A",
    "DkAjz": "qocT4gYNazmW83Jjv8L2",
    "PpduP": "N/A",
    "foEbv": "Katchicks Foods",
    "Xoe7X": "Pancetta",
    "vszQ2": "500g",
    "wlY2L": 12,
    "xdc8z": "DDD Pancetta",
    "NmhEQ": "QG-A.oJrSF2AmUnmgpDNUg",
    "xDa3g": 0,
    "1QgnP": 2,
    "1OGzY": "2025-09-06T08:04:01.000Z",
    "hOyM7": "sZRVo5.eS5acf7GEVw6eCw"
  },
  {
    "$rowIndex": "WB",
    "$rowID": "uJvODIkuQFinM.TkvKa6Jg",
    "Name": "WPxIhfJ2RPy0Cez7F0irnQ",
    "9TCym": "wuqj75edR0670x.mQmMz0A",
    "DkAjz": "rIvq3dVH7myMFdKGhDgk",
    "PpduP": "5395",
    "foEbv": "Holdsworth",
    "Xoe7X": "Mini Jam Jars",
    "vszQ2": "72 x 28g",
    "wlY2L": 22.5,
    "xdc8z": "",
    "NmhEQ": "QG-A.oJrSF2AmUnmgpDNUg",
    "xDa3g": "0",
    "1QgnP": "",
    "1OGzY": "12/05/2025, 10:50:02",
    "BBgmA": "WqVLXMRHQdKKxC9QwIT3hg",
    "hOyM7": "JKGzpLFSRxCfAxNLKmy33A"
  }
]
OrderId: TlLfAhXhwH8tMDptEHQZ
Glide API request body: {
  "appID": "5gyrohBpLyf0trjfoHsp",
  "queries": [
    {
      "tableName": "native-table-efbe8bf7-3e63-4734-9e3b-f8b56ae718f3",
      "utc": true,
      "offset": 0,
      "limit": 1000,
      "filters": [
        {
          "column": "DkAjz",
          "condition": "is",
          "value": "TlLfAhXhwH8tMDptEHQZ"
        }
      ]
    }
  ]
}
OrderId: TlLfAhXhwH8tMDptEHQZ
Number of rows returned: 1000
First 3 rows: [
  {
    "$rowIndex": "W",
    "$rowID": "a-Lsq5-HhQhKVZZ.RIXe3qg",
    "Name": "vbxUgF0CR8m0JCIpbu-7pg",
    "9TCym": "wuqj75edR0670x.mQmMz0A",
    "DkAjz": "qocT4gYNazmW83Jjv8L2",
    "PpduP": "N/A",
    "foEbv": "Katchicks Foods",
    "Xoe7X": "Sausage Meat",
    "vszQ2": "1kg",
    "wlY2L": 5.8,
    "xdc8z": "DDD Sausage Meat",
    "NmhEQ": "QG-A.oJrSF2AmUnmgpDNUg",
    "xDa3g": 0,
    "1QgnP": 2,
    "1OGzY": "2025-09-06T08:04:01.000Z",
    "hOyM7": "sZRVo5.eS5acf7GEVw6eCw"
  },
  {
    "$rowIndex": "W1",
    "$rowID": "sqhbp9S3QlqQFnHSIONhxg",
    "Name": "D41wLjlsTiSy1JjfdfuRHQ",
    "9TCym": "wuqj75edR0670x.mQmMz0A",
    "DkAjz": "qocT4gYNazmW83Jjv8L2",
    "PpduP": "N/A",
    "foEbv": "Katchicks Foods",
    "Xoe7X": "Pancetta",
    "vszQ2": "500g",
    "wlY2L": 12,
    "xdc8z": "DDD Pancetta",
    "NmhEQ": "QG-A.oJrSF2AmUnmgpDNUg",
    "xDa3g": 0,
    "1QgnP": 2,
    "1OGzY": "2025-09-06T08:04:01.000Z",
    "hOyM7": "sZRVo5.eS5acf7GEVw6eCw"
  },
  {
    "$rowIndex": "WB",
    "$rowID": "uJvODIkuQFinM.TkvKa6Jg",
    "Name": "WPxIhfJ2RPy0Cez7F0irnQ",
    "9TCym": "wuqj75edR0670x.mQmMz0A",
    "DkAjz": "rIvq3dVH7myMFdKGhDgk",
    "PpduP": "5395",
    "foEbv": "Holdsworth",
    "Xoe7X": "Mini Jam Jars",
    "vszQ2": "72 x 28g",
    "wlY2L": 22.5,
    "xdc8z": "",
    "NmhEQ": "QG-A.oJrSF2AmUnmgpDNUg",
    "xDa3g": "0",
    "1QgnP": "",
    "1OGzY": "12/05/2025, 10:50:02",
    "BBgmA": "WqVLXMRHQdKKxC9QwIT3hg",
    "hOyM7": "JKGzpLFSRxCfAxNLKmy33A"
  }
]
OrderId: dBZNOwaQwPGSXNeRNGCw
Glide API request body: {
  "appID": "5gyrohBpLyf0trjfoHsp",
  "queries": [
    {
      "tableName": "native-table-efbe8bf7-3e63-4734-9e3b-f8b56ae718f3",
      "utc": true,
      "offset": 0,
      "limit": 1000,
      "filters": [
        {
          "column": "DkAjz",
          "condition": "is",
          "value": "dBZNOwaQwPGSXNeRNGCw"
        }
      ]
    }
  ]
}
OrderId: dBZNOwaQwPGSXNeRNGCw
Number of rows returned: 1000
First 3 rows: [
  {
    "$rowIndex": "W",
    "$rowID": "a-Lsq5-HhQhKVZZ.RIXe3qg",
    "Name": "vbxUgF0CR8m0JCIpbu-7pg",
    "9TCym": "wuqj75edR0670x.mQmMz0A",
    "DkAjz": "qocT4gYNazmW83Jjv8L2",
    "PpduP": "N/A",
    "foEbv": "Katchicks Foods",
    "Xoe7X": "Sausage Meat",
    "vszQ2": "1kg",
    "wlY2L": 5.8,
    "xdc8z": "DDD Sausage Meat",
    "NmhEQ": "QG-A.oJrSF2AmUnmgpDNUg",
    "xDa3g": 0,
    "1QgnP": 2,
    "1OGzY": "2025-09-06T08:04:01.000Z",
    "hOyM7": "sZRVo5.eS5acf7GEVw6eCw"
  },
  {
    "$rowIndex": "W1",
    "$rowID": "sqhbp9S3QlqQFnHSIONhxg",
    "Name": "D41wLjlsTiSy1JjfdfuRHQ",
    "9TCym": "wuqj75edR0670x.mQmMz0A",
    "DkAjz": "qocT4gYNazmW83Jjv8L2",
    "PpduP": "N/A",
    "foEbv": "Katchicks Foods",
    "Xoe7X": "Pancetta",
    "vszQ2": "500g",
    "wlY2L": 12,
    "xdc8z": "DDD Pancetta",
    "NmhEQ": "QG-A.oJrSF2AmUnmgpDNUg",
    "xDa3g": 0,
    "1QgnP": 2,
    "1OGzY": "2025-09-06T08:04:01.000Z",
    "hOyM7": "sZRVo5.eS5acf7GEVw6eCw"
  },
  {
    "$rowIndex": "WB",
    "$rowID": "uJvODIkuQFinM.TkvKa6Jg",
    "Name": "WPxIhfJ2RPy0Cez7F0irnQ",
    "9TCym": "wuqj75edR0670x.mQmMz0A",
    "DkAjz": "rIvq3dVH7myMFdKGhDgk",
    "PpduP": "5395",
    "foEbv": "Holdsworth",
    "Xoe7X": "Mini Jam Jars",
    "vszQ2": "72 x 28g",
    "wlY2L": 22.5,
    "xdc8z": "",
    "NmhEQ": "QG-A.oJrSF2AmUnmgpDNUg",
    "xDa3g": "0",
    "1QgnP": "",
    "1OGzY": "12/05/2025, 10:50:02",
    "BBgmA": "WqVLXMRHQdKKxC9QwIT3hg",
    "hOyM7": "JKGzpLFSRxCfAxNLKmy33A"
  }
]
OrderId: fdb31n3R8mgmVaFCtr9l
Glide API request body: {
  "appID": "5gyrohBpLyf0trjfoHsp",
  "queries": [
    {
      "tableName": "native-table-efbe8bf7-3e63-4734-9e3b-f8b56ae718f3",
      "utc": true,
      "offset": 0,
      "limit": 1000,
      "filters": [
        {
          "column": "DkAjz",
          "condition": "is",
          "value": "fdb31n3R8mgmVaFCtr9l"
        }
      ]
    }
  ]
}
OrderId: fdb31n3R8mgmVaFCtr9l
Number of rows returned: 1000
First 3 rows: [
  {
    "$rowIndex": "W",
    "$rowID": "a-Lsq5-HhQhKVZZ.RIXe3qg",
    "Name": "vbxUgF0CR8m0JCIpbu-7pg",
    "9TCym": "wuqj75edR0670x.mQmMz0A",
    "DkAjz": "qocT4gYNazmW83Jjv8L2",
    "PpduP": "N/A",
    "foEbv": "Katchicks Foods",
    "Xoe7X": "Sausage Meat",
    "vszQ2": "1kg",
    "wlY2L": 5.8,
    "xdc8z": "DDD Sausage Meat",
    "NmhEQ": "QG-A.oJrSF2AmUnmgpDNUg",
    "xDa3g": 0,
    "1QgnP": 2,
    "1OGzY": "2025-09-06T08:04:01.000Z",
    "hOyM7": "sZRVo5.eS5acf7GEVw6eCw"
  },
  {
    "$rowIndex": "W1",
    "$rowID": "sqhbp9S3QlqQFnHSIONhxg",
    "Name": "D41wLjlsTiSy1JjfdfuRHQ",
    "9TCym": "wuqj75edR0670x.mQmMz0A",
    "DkAjz": "qocT4gYNazmW83Jjv8L2",
    "PpduP": "N/A",
    "foEbv": "Katchicks Foods",
    "Xoe7X": "Pancetta",
    "vszQ2": "500g",
    "wlY2L": 12,
    "xdc8z": "DDD Pancetta",
    "NmhEQ": "QG-A.oJrSF2AmUnmgpDNUg",
    "xDa3g": 0,
    "1QgnP": 2,
    "1OGzY": "2025-09-06T08:04:01.000Z",
    "hOyM7": "sZRVo5.eS5acf7GEVw6eCw"
  },
  {
    "$rowIndex": "WB",
    "$rowID": "uJvODIkuQFinM.TkvKa6Jg",
    "Name": "WPxIhfJ2RPy0Cez7F0irnQ",
    "9TCym": "wuqj75edR0670x.mQmMz0A",
    "DkAjz": "rIvq3dVH7myMFdKGhDgk",
    "PpduP": "5395",
    "foEbv": "Holdsworth",
    "Xoe7X": "Mini Jam Jars",
    "vszQ2": "72 x 28g",
    "wlY2L": 22.5,
    "xdc8z": "",
    "NmhEQ": "QG-A.oJrSF2AmUnmgpDNUg",
    "xDa3g": "0",
    "1QgnP": "",
    "1OGzY": "12/05/2025, 10:50:02",
    "BBgmA": "WqVLXMRHQdKKxC9QwIT3hg",
    "hOyM7": "JKGzpLFSRxCfAxNLKmy33A"
  }
]
OrderId: O8wfDqR0vfso4h3EFrf1
Glide API request body: {
  "appID": "5gyrohBpLyf0trjfoHsp",
  "queries": [
    {
      "tableName": "native-table-efbe8bf7-3e63-4734-9e3b-f8b56ae718f3",
      "utc": true,
      "offset": 0,
      "limit": 1000,
      "filters": [
        {
          "column": "DkAjz",
          "condition": "is",
          "value": "O8wfDqR0vfso4h3EFrf1"
        }
      ]
    }
  ]
}
OrderId: O8wfDqR0vfso4h3EFrf1
Number of rows returned: 1000
First 3 rows: [
  {
    "$rowIndex": "W",
    "$rowID": "a-Lsq5-HhQhKVZZ.RIXe3qg",
    "Name": "vbxUgF0CR8m0JCIpbu-7pg",
    "9TCym": "wuqj75edR0670x.mQmMz0A",
    "DkAjz": "qocT4gYNazmW83Jjv8L2",
    "PpduP": "N/A",
    "foEbv": "Katchicks Foods",
    "Xoe7X": "Sausage Meat",
    "vszQ2": "1kg",
    "wlY2L": 5.8,
    "xdc8z": "DDD Sausage Meat",
    "NmhEQ": "QG-A.oJrSF2AmUnmgpDNUg",
    "xDa3g": 0,
    "1QgnP": 2,
    "1OGzY": "2025-09-06T08:04:01.000Z",
    "hOyM7": "sZRVo5.eS5acf7GEVw6eCw"
  },
  {
    "$rowIndex": "W1",
    "$rowID": "sqhbp9S3QlqQFnHSIONhxg",
    "Name": "D41wLjlsTiSy1JjfdfuRHQ",
    "9TCym": "wuqj75edR0670x.mQmMz0A",
    "DkAjz": "qocT4gYNazmW83Jjv8L2",
    "PpduP": "N/A",
    "foEbv": "Katchicks Foods",
    "Xoe7X": "Pancetta",
    "vszQ2": "500g",
    "wlY2L": 12,
    "xdc8z": "DDD Pancetta",
    "NmhEQ": "QG-A.oJrSF2AmUnmgpDNUg",
    "xDa3g": 0,
    "1QgnP": 2,
    "1OGzY": "2025-09-06T08:04:01.000Z",
    "hOyM7": "sZRVo5.eS5acf7GEVw6eCw"
  },
  {
    "$rowIndex": "WB",
    "$rowID": "uJvODIkuQFinM.TkvKa6Jg",
    "Name": "WPxIhfJ2RPy0Cez7F0irnQ",
    "9TCym": "wuqj75edR0670x.mQmMz0A",
    "DkAjz": "rIvq3dVH7myMFdKGhDgk",
    "PpduP": "5395",
    "foEbv": "Holdsworth",
    "Xoe7X": "Mini Jam Jars",
    "vszQ2": "72 x 28g",
    "wlY2L": 22.5,
    "xdc8z": "",
    "NmhEQ": "QG-A.oJrSF2AmUnmgpDNUg",
    "xDa3g": "0",
    "1QgnP": "",
    "1OGzY": "12/05/2025, 10:50:02",
    "BBgmA": "WqVLXMRHQdKKxC9QwIT3hg",
    "hOyM7": "JKGzpLFSRxCfAxNLKmy33A"
  }
]
OrderId: oW9LSA4gcBgx9D7f481n
Glide API request body: {
  "appID": "5gyrohBpLyf0trjfoHsp",
  "queries": [
    {
      "tableName": "native-table-efbe8bf7-3e63-4734-9e3b-f8b56ae718f3",
      "utc": true,
      "offset": 0,
      "limit": 1000,
      "filters": [
        {
          "column": "DkAjz",
          "condition": "is",
          "value": "oW9LSA4gcBgx9D7f481n"
        }
      ]
    }
  ]
}
OrderId: oW9LSA4gcBgx9D7f481n
Number of rows returned: 1000
First 3 rows: [
  {
    "$rowIndex": "W",
    "$rowID": "a-Lsq5-HhQhKVZZ.RIXe3qg",
    "Name": "vbxUgF0CR8m0JCIpbu-7pg",
    "9TCym": "wuqj75edR0670x.mQmMz0A",
    "DkAjz": "qocT4gYNazmW83Jjv8L2",
    "PpduP": "N/A",
    "foEbv": "Katchicks Foods",
    "Xoe7X": "Sausage Meat",
    "vszQ2": "1kg",
    "wlY2L": 5.8,
    "xdc8z": "DDD Sausage Meat",
    "NmhEQ": "QG-A.oJrSF2AmUnmgpDNUg",
    "xDa3g": 0,
    "1QgnP": 2,
    "1OGzY": "2025-09-06T08:04:01.000Z",
    "hOyM7": "sZRVo5.eS5acf7GEVw6eCw"
  },
  {
    "$rowIndex": "W1",
    "$rowID": "sqhbp9S3QlqQFnHSIONhxg",
    "Name": "D41wLjlsTiSy1JjfdfuRHQ",
    "9TCym": "wuqj75edR0670x.mQmMz0A",
    "DkAjz": "qocT4gYNazmW83Jjv8L2",
    "PpduP": "N/A",
    "foEbv": "Katchicks Foods",
    "Xoe7X": "Pancetta",
    "vszQ2": "500g",
    "wlY2L": 12,
    "xdc8z": "DDD Pancetta",
    "NmhEQ": "QG-A.oJrSF2AmUnmgpDNUg",
    "xDa3g": 0,
    "1QgnP": 2,
    "1OGzY": "2025-09-06T08:04:01.000Z",
    "hOyM7": "sZRVo5.eS5acf7GEVw6eCw"
  },
  {
    "$rowIndex": "WB",
    "$rowID": "uJvODIkuQFinM.TkvKa6Jg",
    "Name": "WPxIhfJ2RPy0Cez7F0irnQ",
    "9TCym": "wuqj75edR0670x.mQmMz0A",
    "DkAjz": "rIvq3dVH7myMFdKGhDgk",
    "PpduP": "5395",
    "foEbv": "Holdsworth",
    "Xoe7X": "Mini Jam Jars",
    "vszQ2": "72 x 28g",
    "wlY2L": 22.5,
    "xdc8z": "",
    "NmhEQ": "QG-A.oJrSF2AmUnmgpDNUg",
    "xDa3g": "0",
    "1QgnP": "",
    "1OGzY": "12/05/2025, 10:50:02",
    "BBgmA": "WqVLXMRHQdKKxC9QwIT3hg",
    "hOyM7": "JKGzpLFSRxCfAxNLKmy33A"
  }
]
OrderId: hi4lk6IHSFA8b1TmdByW
Glide API request body: {
  "appID": "5gyrohBpLyf0trjfoHsp",
  "queries": [
    {
      "tableName": "native-table-efbe8bf7-3e63-4734-9e3b-f8b56ae718f3",
      "utc": true,
      "offset": 0,
      "limit": 1000,
      "filters": [
        {
          "column": "DkAjz",
          "condition": "is",
          "value": "hi4lk6IHSFA8b1TmdByW"
        }
      ]
    }
  ]
}
OrderId: hi4lk6IHSFA8b1TmdByW
Number of rows returned: 1000
First 3 rows: [
  {
    "$rowIndex": "W",
    "$rowID": "a-Lsq5-HhQhKVZZ.RIXe3qg",
    "Name": "vbxUgF0CR8m0JCIpbu-7pg",
    "9TCym": "wuqj75edR0670x.mQmMz0A",
    "DkAjz": "qocT4gYNazmW83Jjv8L2",
    "PpduP": "N/A",
    "foEbv": "Katchicks Foods",
    "Xoe7X": "Sausage Meat",
    "vszQ2": "1kg",
    "wlY2L": 5.8,
    "xdc8z": "DDD Sausage Meat",
    "NmhEQ": "QG-A.oJrSF2AmUnmgpDNUg",
    "xDa3g": 0,
    "1QgnP": 2,
    "1OGzY": "2025-09-06T08:04:01.000Z",
    "hOyM7": "sZRVo5.eS5acf7GEVw6eCw"
  },
  {
    "$rowIndex": "W1",
    "$rowID": "sqhbp9S3QlqQFnHSIONhxg",
    "Name": "D41wLjlsTiSy1JjfdfuRHQ",
    "9TCym": "wuqj75edR0670x.mQmMz0A",
    "DkAjz": "qocT4gYNazmW83Jjv8L2",
    "PpduP": "N/A",
    "foEbv": "Katchicks Foods",
    "Xoe7X": "Pancetta",
    "vszQ2": "500g",
    "wlY2L": 12,
    "xdc8z": "DDD Pancetta",
    "NmhEQ": "QG-A.oJrSF2AmUnmgpDNUg",
    "xDa3g": 0,
    "1QgnP": 2,
    "1OGzY": "2025-09-06T08:04:01.000Z",
    "hOyM7": "sZRVo5.eS5acf7GEVw6eCw"
  },
  {
    "$rowIndex": "WB",
    "$rowID": "uJvODIkuQFinM.TkvKa6Jg",
    "Name": "WPxIhfJ2RPy0Cez7F0irnQ",
    "9TCym": "wuqj75edR0670x.mQmMz0A",
    "DkAjz": "rIvq3dVH7myMFdKGhDgk",
    "PpduP": "5395",
    "foEbv": "Holdsworth",
    "Xoe7X": "Mini Jam Jars",
    "vszQ2": "72 x 28g",
    "wlY2L": 22.5,
    "xdc8z": "",
    "NmhEQ": "QG-A.oJrSF2AmUnmgpDNUg",
    "xDa3g": "0",
    "1QgnP": "",
    "1OGzY": "12/05/2025, 10:50:02",
    "BBgmA": "WqVLXMRHQdKKxC9QwIT3hg",
    "hOyM7": "JKGzpLFSRxCfAxNLKmy33A"
  }
]
OrderId: 2XKW2Iflz1UGcRbu7vvp
Glide API request body: {
  "appID": "5gyrohBpLyf0trjfoHsp",
  "queries": [
    {
      "tableName": "native-table-efbe8bf7-3e63-4734-9e3b-f8b56ae718f3",
      "utc": true,
      "offset": 0,
      "limit": 1000,
      "filters": [
        {
          "column": "DkAjz",
          "condition": "is",
          "value": "2XKW2Iflz1UGcRbu7vvp"
        }
      ]
    }
  ]
}
OrderId: 2XKW2Iflz1UGcRbu7vvp
Number of rows returned: 1000
First 3 rows: [
  {
    "$rowIndex": "W",
    "$rowID": "a-Lsq5-HhQhKVZZ.RIXe3qg",
    "Name": "vbxUgF0CR8m0JCIpbu-7pg",
    "9TCym": "wuqj75edR0670x.mQmMz0A",
    "DkAjz": "qocT4gYNazmW83Jjv8L2",
    "PpduP": "N/A",
    "foEbv": "Katchicks Foods",
    "Xoe7X": "Sausage Meat",
    "vszQ2": "1kg",
    "wlY2L": 5.8,
    "xdc8z": "DDD Sausage Meat",
    "NmhEQ": "QG-A.oJrSF2AmUnmgpDNUg",
    "xDa3g": 0,
    "1QgnP": 2,
    "1OGzY": "2025-09-06T08:04:01.000Z",
    "hOyM7": "sZRVo5.eS5acf7GEVw6eCw"
  },
  {
    "$rowIndex": "W1",
    "$rowID": "sqhbp9S3QlqQFnHSIONhxg",
    "Name": "D41wLjlsTiSy1JjfdfuRHQ",
    "9TCym": "wuqj75edR0670x.mQmMz0A",
    "DkAjz": "qocT4gYNazmW83Jjv8L2",
    "PpduP": "N/A",
    "foEbv": "Katchicks Foods",
    "Xoe7X": "Pancetta",
    "vszQ2": "500g",
    "wlY2L": 12,
    "xdc8z": "DDD Pancetta",
    "NmhEQ": "QG-A.oJrSF2AmUnmgpDNUg",
    "xDa3g": 0,
    "1QgnP": 2,
    "1OGzY": "2025-09-06T08:04:01.000Z",
    "hOyM7": "sZRVo5.eS5acf7GEVw6eCw"
  },
  {
    "$rowIndex": "WB",
    "$rowID": "uJvODIkuQFinM.TkvKa6Jg",
    "Name": "WPxIhfJ2RPy0Cez7F0irnQ",
    "9TCym": "wuqj75edR0670x.mQmMz0A",
    "DkAjz": "rIvq3dVH7myMFdKGhDgk",
    "PpduP": "5395",
    "foEbv": "Holdsworth",
    "Xoe7X": "Mini Jam Jars",
    "vszQ2": "72 x 28g",
    "wlY2L": 22.5,
    "xdc8z": "",
    "NmhEQ": "QG-A.oJrSF2AmUnmgpDNUg",
    "xDa3g": "0",
    "1QgnP": "",
    "1OGzY": "12/05/2025, 10:50:02",
    "BBgmA": "WqVLXMRHQdKKxC9QwIT3hg",
    "hOyM7": "JKGzpLFSRxCfAxNLKmy33A"
  }
]
OrderId: 64MnDjekwYt25dS5bZ5x
Glide API request body: {
  "appID": "5gyrohBpLyf0trjfoHsp",
  "queries": [
    {
      "tableName": "native-table-efbe8bf7-3e63-4734-9e3b-f8b56ae718f3",
      "utc": true,
      "offset": 0,
      "limit": 1000,
      "filters": [
        {
          "column": "DkAjz",
          "condition": "is",
          "value": "64MnDjekwYt25dS5bZ5x"
        }
      ]
    }
  ]
}
OrderId: 64MnDjekwYt25dS5bZ5x
Number of rows returned: 1000
First 3 rows: [
  {
    "$rowIndex": "W",
    "$rowID": "a-Lsq5-HhQhKVZZ.RIXe3qg",
    "Name": "vbxUgF0CR8m0JCIpbu-7pg",
    "9TCym": "wuqj75edR0670x.mQmMz0A",
    "DkAjz": "qocT4gYNazmW83Jjv8L2",
    "PpduP": "N/A",
    "foEbv": "Katchicks Foods",
    "Xoe7X": "Sausage Meat",
    "vszQ2": "1kg",
    "wlY2L": 5.8,
    "xdc8z": "DDD Sausage Meat",
    "NmhEQ": "QG-A.oJrSF2AmUnmgpDNUg",
    "xDa3g": 0,
    "1QgnP": 2,
    "1OGzY": "2025-09-06T08:04:01.000Z",
    "hOyM7": "sZRVo5.eS5acf7GEVw6eCw"
  },
  {
    "$rowIndex": "W1",
    "$rowID": "sqhbp9S3QlqQFnHSIONhxg",
    "Name": "D41wLjlsTiSy1JjfdfuRHQ",
    "9TCym": "wuqj75edR0670x.mQmMz0A",
    "DkAjz": "qocT4gYNazmW83Jjv8L2",
    "PpduP": "N/A",
    "foEbv": "Katchicks Foods",
    "Xoe7X": "Pancetta",
    "vszQ2": "500g",
    "wlY2L": 12,
    "xdc8z": "DDD Pancetta",
    "NmhEQ": "QG-A.oJrSF2AmUnmgpDNUg",
    "xDa3g": 0,
    "1QgnP": 2,
    "1OGzY": "2025-09-06T08:04:01.000Z",
    "hOyM7": "sZRVo5.eS5acf7GEVw6eCw"
  },
  {
    "$rowIndex": "WB",
    "$rowID": "uJvODIkuQFinM.TkvKa6Jg",
    "Name": "WPxIhfJ2RPy0Cez7F0irnQ",
    "9TCym": "wuqj75edR0670x.mQmMz0A",
    "DkAjz": "rIvq3dVH7myMFdKGhDgk",
    "PpduP": "5395",
    "foEbv": "Holdsworth",
    "Xoe7X": "Mini Jam Jars",
    "vszQ2": "72 x 28g",
    "wlY2L": 22.5,
    "xdc8z": "",
    "NmhEQ": "QG-A.oJrSF2AmUnmgpDNUg",
    "xDa3g": "0",
    "1QgnP": "",
    "1OGzY": "12/05/2025, 10:50:02",
    "BBgmA": "WqVLXMRHQdKKxC9QwIT3hg",
    "hOyM7": "JKGzpLFSRxCfAxNLKmy33A"
  }
]
OrderId: TlLfAhXhwH8tMDptEHQZ
Glide API request body: {
  "appID": "5gyrohBpLyf0trjfoHsp",
  "queries": [
    {
      "tableName": "native-table-efbe8bf7-3e63-4734-9e3b-f8b56ae718f3",
      "utc": true,
      "offset": 0,
      "limit": 1000,
      "filters": [
        {
          "column": "DkAjz",
          "condition": "is",
          "value": "TlLfAhXhwH8tMDptEHQZ"
        }
      ]
    }
  ]
}
OrderId: TlLfAhXhwH8tMDptEHQZ
Number of rows returned: 1000
First 3 rows: [
  {
    "$rowIndex": "W",
    "$rowID": "a-Lsq5-HhQhKVZZ.RIXe3qg",
    "Name": "vbxUgF0CR8m0JCIpbu-7pg",
    "9TCym": "wuqj75edR0670x.mQmMz0A",
    "DkAjz": "qocT4gYNazmW83Jjv8L2",
    "PpduP": "N/A",
    "foEbv": "Katchicks Foods",
    "Xoe7X": "Sausage Meat",
    "vszQ2": "1kg",
    "wlY2L": 5.8,
    "xdc8z": "DDD Sausage Meat",
    "NmhEQ": "QG-A.oJrSF2AmUnmgpDNUg",
    "xDa3g": 0,
    "1QgnP": 2,
    "1OGzY": "2025-09-06T08:04:01.000Z",
    "hOyM7": "sZRVo5.eS5acf7GEVw6eCw"
  },
  {
    "$rowIndex": "W1",
    "$rowID": "sqhbp9S3QlqQFnHSIONhxg",
    "Name": "D41wLjlsTiSy1JjfdfuRHQ",
    "9TCym": "wuqj75edR0670x.mQmMz0A",
    "DkAjz": "qocT4gYNazmW83Jjv8L2",
    "PpduP": "N/A",
    "foEbv": "Katchicks Foods",
    "Xoe7X": "Pancetta",
    "vszQ2": "500g",
    "wlY2L": 12,
    "xdc8z": "DDD Pancetta",
    "NmhEQ": "QG-A.oJrSF2AmUnmgpDNUg",
    "xDa3g": 0,
    "1QgnP": 2,
    "1OGzY": "2025-09-06T08:04:01.000Z",
    "hOyM7": "sZRVo5.eS5acf7GEVw6eCw"
  },
  {
    "$rowIndex": "WB",
    "$rowID": "uJvODIkuQFinM.TkvKa6Jg",
    "Name": "WPxIhfJ2RPy0Cez7F0irnQ",
    "9TCym": "wuqj75edR0670x.mQmMz0A",
    "DkAjz": "rIvq3dVH7myMFdKGhDgk",
    "PpduP": "5395",
    "foEbv": "Holdsworth",
    "Xoe7X": "Mini Jam Jars",
    "vszQ2": "72 x 28g",
    "wlY2L": 22.5,
    "xdc8z": "",
    "NmhEQ": "QG-A.oJrSF2AmUnmgpDNUg",
    "xDa3g": "0",
    "1QgnP": "",
    "1OGzY": "12/05/2025, 10:50:02",
    "BBgmA": "WqVLXMRHQdKKxC9QwIT3hg",
    "hOyM7": "JKGzpLFSRxCfAxNLKmy33A"
  }
]
OrderId: dBZNOwaQwPGSXNeRNGCw
Glide API request body: {
  "appID": "5gyrohBpLyf0trjfoHsp",
  "queries": [
    {
      "tableName": "native-table-efbe8bf7-3e63-4734-9e3b-f8b56ae718f3",
      "utc": true,
      "offset": 0,
      "limit": 1000,
      "filters": [
        {
          "column": "DkAjz",
          "condition": "is",
          "value": "dBZNOwaQwPGSXNeRNGCw"
        }
      ]
    }
  ]
}
OrderId: dBZNOwaQwPGSXNeRNGCw
Number of rows returned: 1000
First 3 rows: [
  {
    "$rowIndex": "W",
    "$rowID": "a-Lsq5-HhQhKVZZ.RIXe3qg",
    "Name": "vbxUgF0CR8m0JCIpbu-7pg",
    "9TCym": "wuqj75edR0670x.mQmMz0A",
    "DkAjz": "qocT4gYNazmW83Jjv8L2",
    "PpduP": "N/A",
    "foEbv": "Katchicks Foods",
    "Xoe7X": "Sausage Meat",
    "vszQ2": "1kg",
    "wlY2L": 5.8,
    "xdc8z": "DDD Sausage Meat",
    "NmhEQ": "QG-A.oJrSF2AmUnmgpDNUg",
    "xDa3g": 0,
    "1QgnP": 2,
    "1OGzY": "2025-09-06T08:04:01.000Z",
    "hOyM7": "sZRVo5.eS5acf7GEVw6eCw"
  },
  {
    "$rowIndex": "W1",
    "$rowID": "sqhbp9S3QlqQFnHSIONhxg",
    "Name": "D41wLjlsTiSy1JjfdfuRHQ",
    "9TCym": "wuqj75edR0670x.mQmMz0A",
    "DkAjz": "qocT4gYNazmW83Jjv8L2",
    "PpduP": "N/A",
    "foEbv": "Katchicks Foods",
    "Xoe7X": "Pancetta",
    "vszQ2": "500g",
    "wlY2L": 12,
    "xdc8z": "DDD Pancetta",
    "NmhEQ": "QG-A.oJrSF2AmUnmgpDNUg",
    "xDa3g": 0,
    "1QgnP": 2,
    "1OGzY": "2025-09-06T08:04:01.000Z",
    "hOyM7": "sZRVo5.eS5acf7GEVw6eCw"
  },
  {
    "$rowIndex": "WB",
    "$rowID": "uJvODIkuQFinM.TkvKa6Jg",
    "Name": "WPxIhfJ2RPy0Cez7F0irnQ",
    "9TCym": "wuqj75edR0670x.mQmMz0A",
    "DkAjz": "rIvq3dVH7myMFdKGhDgk",
    "PpduP": "5395",
    "foEbv": "Holdsworth",
    "Xoe7X": "Mini Jam Jars",
    "vszQ2": "72 x 28g",
    "wlY2L": 22.5,
    "xdc8z": "",
    "NmhEQ": "QG-A.oJrSF2AmUnmgpDNUg",
    "xDa3g": "0",
    "1QgnP": "",
    "1OGzY": "12/05/2025, 10:50:02",
    "BBgmA": "WqVLXMRHQdKKxC9QwIT3hg",
    "hOyM7": "JKGzpLFSRxCfAxNLKmy33A"
  }
]
OrderId: fdb31n3R8mgmVaFCtr9l
Glide API request body: {
  "appID": "5gyrohBpLyf0trjfoHsp",
  "queries": [
    {
      "tableName": "native-table-efbe8bf7-3e63-4734-9e3b-f8b56ae718f3",
      "utc": true,
      "offset": 0,
      "limit": 1000,
      "filters": [
        {
          "column": "DkAjz",
          "condition": "is",
          "value": "fdb31n3R8mgmVaFCtr9l"
        }
      ]
    }
  ]
}
OrderId: fdb31n3R8mgmVaFCtr9l
Number of rows returned: 1000
First 3 rows: [
  {
    "$rowIndex": "W",
    "$rowID": "a-Lsq5-HhQhKVZZ.RIXe3qg",
    "Name": "vbxUgF0CR8m0JCIpbu-7pg",
    "9TCym": "wuqj75edR0670x.mQmMz0A",
    "DkAjz": "qocT4gYNazmW83Jjv8L2",
    "PpduP": "N/A",
    "foEbv": "Katchicks Foods",
    "Xoe7X": "Sausage Meat",
    "vszQ2": "1kg",
    "wlY2L": 5.8,
    "xdc8z": "DDD Sausage Meat",
    "NmhEQ": "QG-A.oJrSF2AmUnmgpDNUg",
    "xDa3g": 0,
    "1QgnP": 2,
    "1OGzY": "2025-09-06T08:04:01.000Z",
    "hOyM7": "sZRVo5.eS5acf7GEVw6eCw"
  },
  {
    "$rowIndex": "W1",
    "$rowID": "sqhbp9S3QlqQFnHSIONhxg",
    "Name": "D41wLjlsTiSy1JjfdfuRHQ",
    "9TCym": "wuqj75edR0670x.mQmMz0A",
    "DkAjz": "qocT4gYNazmW83Jjv8L2",
    "PpduP": "N/A",
    "foEbv": "Katchicks Foods",
    "Xoe7X": "Pancetta",
    "vszQ2": "500g",
    "wlY2L": 12,
    "xdc8z": "DDD Pancetta",
    "NmhEQ": "QG-A.oJrSF2AmUnmgpDNUg",
    "xDa3g": 0,
    "1QgnP": 2,
    "1OGzY": "2025-09-06T08:04:01.000Z",
    "hOyM7": "sZRVo5.eS5acf7GEVw6eCw"
  },
  {
    "$rowIndex": "WB",
    "$rowID": "uJvODIkuQFinM.TkvKa6Jg",
    "Name": "WPxIhfJ2RPy0Cez7F0irnQ",
    "9TCym": "wuqj75edR0670x.mQmMz0A",
    "DkAjz": "rIvq3dVH7myMFdKGhDgk",
    "PpduP": "5395",
    "foEbv": "Holdsworth",
    "Xoe7X": "Mini Jam Jars",
    "vszQ2": "72 x 28g",
    "wlY2L": 22.5,
    "xdc8z": "",
    "NmhEQ": "QG-A.oJrSF2AmUnmgpDNUg",
    "xDa3g": "0",
    "1QgnP": "",
    "1OGzY": "12/05/2025, 10:50:02",
    "BBgmA": "WqVLXMRHQdKKxC9QwIT3hg",
    "hOyM7": "JKGzpLFSRxCfAxNLKmy33A"
  }
]
OrderId: lMRQiNBZWFiyv1L7v3Dx
Glide API request body: {
  "appID": "5gyrohBpLyf0trjfoHsp",
  "queries": [
    {
      "tableName": "native-table-efbe8bf7-3e63-4734-9e3b-f8b56ae718f3",
      "utc": true,
      "offset": 0,
      "limit": 1000,
      "filters": [
        {
          "column": "DkAjz",
          "condition": "is",
          "value": "lMRQiNBZWFiyv1L7v3Dx"
        }
      ]
    }
  ]
}
OrderId: lMRQiNBZWFiyv1L7v3Dx
Number of rows returned: 1000
First 3 rows: [
  {
    "$rowIndex": "W",
    "$rowID": "a-Lsq5-HhQhKVZZ.RIXe3qg",
    "Name": "vbxUgF0CR8m0JCIpbu-7pg",
    "9TCym": "wuqj75edR0670x.mQmMz0A",
    "DkAjz": "qocT4gYNazmW83Jjv8L2",
    "PpduP": "N/A",
    "foEbv": "Katchicks Foods",
    "Xoe7X": "Sausage Meat",
    "vszQ2": "1kg",
    "wlY2L": 5.8,
    "xdc8z": "DDD Sausage Meat",
    "NmhEQ": "QG-A.oJrSF2AmUnmgpDNUg",
    "xDa3g": 0,
    "1QgnP": 2,
    "1OGzY": "2025-09-06T08:04:01.000Z",
    "hOyM7": "sZRVo5.eS5acf7GEVw6eCw"
  },
  {
    "$rowIndex": "W1",
    "$rowID": "sqhbp9S3QlqQFnHSIONhxg",
    "Name": "D41wLjlsTiSy1JjfdfuRHQ",
    "9TCym": "wuqj75edR0670x.mQmMz0A",
    "DkAjz": "qocT4gYNazmW83Jjv8L2",
    "PpduP": "N/A",
    "foEbv": "Katchicks Foods",
    "Xoe7X": "Pancetta",
    "vszQ2": "500g",
    "wlY2L": 12,
    "xdc8z": "DDD Pancetta",
    "NmhEQ": "QG-A.oJrSF2AmUnmgpDNUg",
    "xDa3g": 0,
    "1QgnP": 2,
    "1OGzY": "2025-09-06T08:04:01.000Z",
    "hOyM7": "sZRVo5.eS5acf7GEVw6eCw"
  },
  {
    "$rowIndex": "WB",
    "$rowID": "uJvODIkuQFinM.TkvKa6Jg",
    "Name": "WPxIhfJ2RPy0Cez7F0irnQ",
    "9TCym": "wuqj75edR0670x.mQmMz0A",
    "DkAjz": "rIvq3dVH7myMFdKGhDgk",
    "PpduP": "5395",
    "foEbv": "Holdsworth",
    "Xoe7X": "Mini Jam Jars",
    "vszQ2": "72 x 28g",
    "wlY2L": 22.5,
    "xdc8z": "",
    "NmhEQ": "QG-A.oJrSF2AmUnmgpDNUg",
    "xDa3g": "0",
    "1QgnP": "",
    "1OGzY": "12/05/2025, 10:50:02",
    "BBgmA": "WqVLXMRHQdKKxC9QwIT3hg",
    "hOyM7": "JKGzpLFSRxCfAxNLKmy33A"
  }
]
OrderId: oW9LSA4gcBgx9D7f481n
Glide API request body: {
  "appID": "5gyrohBpLyf0trjfoHsp",
  "queries": [
    {
      "tableName": "native-table-efbe8bf7-3e63-4734-9e3b-f8b56ae718f3",
      "utc": true,
      "offset": 0,
      "limit": 1000,
      "filters": [
        {
          "column": "DkAjz",
          "condition": "is",
          "value": "oW9LSA4gcBgx9D7f481n"
        }
      ]
    }
  ]
}
OrderId: oW9LSA4gcBgx9D7f481n
Number of rows returned: 1000
First 3 rows: [
  {
    "$rowIndex": "W",
    "$rowID": "a-Lsq5-HhQhKVZZ.RIXe3qg",
    "Name": "vbxUgF0CR8m0JCIpbu-7pg",
    "9TCym": "wuqj75edR0670x.mQmMz0A",
    "DkAjz": "qocT4gYNazmW83Jjv8L2",
    "PpduP": "N/A",
    "foEbv": "Katchicks Foods",
    "Xoe7X": "Sausage Meat",
    "vszQ2": "1kg",
    "wlY2L": 5.8,
    "xdc8z": "DDD Sausage Meat",
    "NmhEQ": "QG-A.oJrSF2AmUnmgpDNUg",
    "xDa3g": 0,
    "1QgnP": 2,
    "1OGzY": "2025-09-06T08:04:01.000Z",
    "hOyM7": "sZRVo5.eS5acf7GEVw6eCw"
  },
  {
    "$rowIndex": "W1",
    "$rowID": "sqhbp9S3QlqQFnHSIONhxg",
    "Name": "D41wLjlsTiSy1JjfdfuRHQ",
    "9TCym": "wuqj75edR0670x.mQmMz0A",
    "DkAjz": "qocT4gYNazmW83Jjv8L2",
    "PpduP": "N/A",
    "foEbv": "Katchicks Foods",
    "Xoe7X": "Pancetta",
    "vszQ2": "500g",
    "wlY2L": 12,
    "xdc8z": "DDD Pancetta",
    "NmhEQ": "QG-A.oJrSF2AmUnmgpDNUg",
    "xDa3g": 0,
    "1QgnP": 2,
    "1OGzY": "2025-09-06T08:04:01.000Z",
    "hOyM7": "sZRVo5.eS5acf7GEVw6eCw"
  },
  {
    "$rowIndex": "WB",
    "$rowID": "uJvODIkuQFinM.TkvKa6Jg",
    "Name": "WPxIhfJ2RPy0Cez7F0irnQ",
    "9TCym": "wuqj75edR0670x.mQmMz0A",
    "DkAjz": "rIvq3dVH7myMFdKGhDgk",
    "PpduP": "5395",
    "foEbv": "Holdsworth",
    "Xoe7X": "Mini Jam Jars",
    "vszQ2": "72 x 28g",
    "wlY2L": 22.5,
    "xdc8z": "",
    "NmhEQ": "QG-A.oJrSF2AmUnmgpDNUg",
    "xDa3g": "0",
    "1QgnP": "",
    "1OGzY": "12/05/2025, 10:50:02",
    "BBgmA": "WqVLXMRHQdKKxC9QwIT3hg",
    "hOyM7": "JKGzpLFSRxCfAxNLKmy33A"
  }
]
OrderId: hi4lk6IHSFA8b1TmdByW
Glide API request body: {
  "appID": "5gyrohBpLyf0trjfoHsp",
  "queries": [
    {
      "tableName": "native-table-efbe8bf7-3e63-4734-9e3b-f8b56ae718f3",
      "utc": true,
      "offset": 0,
      "limit": 1000,
      "filters": [
        {
          "column": "DkAjz",
          "condition": "is",
          "value": "hi4lk6IHSFA8b1TmdByW"
        }
      ]
    }
  ]
}
OrderId: hi4lk6IHSFA8b1TmdByW
Number of rows returned: 1000
First 3 rows: [
  {
    "$rowIndex": "W",
    "$rowID": "a-Lsq5-HhQhKVZZ.RIXe3qg",
    "Name": "vbxUgF0CR8m0JCIpbu-7pg",
    "9TCym": "wuqj75edR0670x.mQmMz0A",
    "DkAjz": "qocT4gYNazmW83Jjv8L2",
    "PpduP": "N/A",
    "foEbv": "Katchicks Foods",
    "Xoe7X": "Sausage Meat",
    "vszQ2": "1kg",
    "wlY2L": 5.8,
    "xdc8z": "DDD Sausage Meat",
    "NmhEQ": "QG-A.oJrSF2AmUnmgpDNUg",
    "xDa3g": 0,
    "1QgnP": 2,
    "1OGzY": "2025-09-06T08:04:01.000Z",
    "hOyM7": "sZRVo5.eS5acf7GEVw6eCw"
  },
  {
    "$rowIndex": "W1",
    "$rowID": "sqhbp9S3QlqQFnHSIONhxg",
    "Name": "D41wLjlsTiSy1JjfdfuRHQ",
    "9TCym": "wuqj75edR0670x.mQmMz0A",
    "DkAjz": "qocT4gYNazmW83Jjv8L2",
    "PpduP": "N/A",
    "foEbv": "Katchicks Foods",
    "Xoe7X": "Pancetta",
    "vszQ2": "500g",
    "wlY2L": 12,
    "xdc8z": "DDD Pancetta",
    "NmhEQ": "QG-A.oJrSF2AmUnmgpDNUg",
    "xDa3g": 0,
    "1QgnP": 2,
    "1OGzY": "2025-09-06T08:04:01.000Z",
    "hOyM7": "sZRVo5.eS5acf7GEVw6eCw"
  },
  {
    "$rowIndex": "WB",
    "$rowID": "uJvODIkuQFinM.TkvKa6Jg",
    "Name": "WPxIhfJ2RPy0Cez7F0irnQ",
    "9TCym": "wuqj75edR0670x.mQmMz0A",
    "DkAjz": "rIvq3dVH7myMFdKGhDgk",
    "PpduP": "5395",
    "foEbv": "Holdsworth",
    "Xoe7X": "Mini Jam Jars",
    "vszQ2": "72 x 28g",
    "wlY2L": 22.5,
    "xdc8z": "",
    "NmhEQ": "QG-A.oJrSF2AmUnmgpDNUg",
    "xDa3g": "0",
    "1QgnP": "",
    "1OGzY": "12/05/2025, 10:50:02",
    "BBgmA": "WqVLXMRHQdKKxC9QwIT3hg",
    "hOyM7": "JKGzpLFSRxCfAxNLKmy33A"
  }
]
OrderId: 2XKW2Iflz1UGcRbu7vvp
Glide API request body: {
  "appID": "5gyrohBpLyf0trjfoHsp",
  "queries": [
    {
      "tableName": "native-table-efbe8bf7-3e63-4734-9e3b-f8b56ae718f3",
      "utc": true,
      "offset": 0,
      "limit": 1000,
      "filters": [
        {
          "column": "DkAjz",
          "condition": "is",
          "value": "2XKW2Iflz1UGcRbu7vvp"
        }
      ]
    }
  ]
}
OrderId: 2XKW2Iflz1UGcRbu7vvp
Number of rows returned: 1000
First 3 rows: [
  {
    "$rowIndex": "W",
    "$rowID": "a-Lsq5-HhQhKVZZ.RIXe3qg",
    "Name": "vbxUgF0CR8m0JCIpbu-7pg",
    "9TCym": "wuqj75edR0670x.mQmMz0A",
    "DkAjz": "qocT4gYNazmW83Jjv8L2",
    "PpduP": "N/A",
    "foEbv": "Katchicks Foods",
    "Xoe7X": "Sausage Meat",
    "vszQ2": "1kg",
    "wlY2L": 5.8,
    "xdc8z": "DDD Sausage Meat",
    "NmhEQ": "QG-A.oJrSF2AmUnmgpDNUg",
    "xDa3g": 0,
    "1QgnP": 2,
    "1OGzY": "2025-09-06T08:04:01.000Z",
    "hOyM7": "sZRVo5.eS5acf7GEVw6eCw"
  },
  {
    "$rowIndex": "W1",
    "$rowID": "sqhbp9S3QlqQFnHSIONhxg",
    "Name": "D41wLjlsTiSy1JjfdfuRHQ",
    "9TCym": "wuqj75edR0670x.mQmMz0A",
    "DkAjz": "qocT4gYNazmW83Jjv8L2",
    "PpduP": "N/A",
    "foEbv": "Katchicks Foods",
    "Xoe7X": "Pancetta",
    "vszQ2": "500g",
    "wlY2L": 12,
    "xdc8z": "DDD Pancetta",
    "NmhEQ": "QG-A.oJrSF2AmUnmgpDNUg",
    "xDa3g": 0,
    "1QgnP": 2,
    "1OGzY": "2025-09-06T08:04:01.000Z",
    "hOyM7": "sZRVo5.eS5acf7GEVw6eCw"
  },
  {
    "$rowIndex": "WB",
    "$rowID": "uJvODIkuQFinM.TkvKa6Jg",
    "Name": "WPxIhfJ2RPy0Cez7F0irnQ",
    "9TCym": "wuqj75edR0670x.mQmMz0A",
    "DkAjz": "rIvq3dVH7myMFdKGhDgk",
    "PpduP": "5395",
    "foEbv": "Holdsworth",
    "Xoe7X": "Mini Jam Jars",
    "vszQ2": "72 x 28g",
    "wlY2L": 22.5,
    "xdc8z": "",
    "NmhEQ": "QG-A.oJrSF2AmUnmgpDNUg",
    "xDa3g": "0",
    "1QgnP": "",
    "1OGzY": "12/05/2025, 10:50:02",
    "BBgmA": "WqVLXMRHQdKKxC9QwIT3hg",
    "hOyM7": "JKGzpLFSRxCfAxNLKmy33A"
  }
]
OrderId: 64MnDjekwYt25dS5bZ5x
Glide API request body: {
  "appID": "5gyrohBpLyf0trjfoHsp",
  "queries": [
    {
      "tableName": "native-table-efbe8bf7-3e63-4734-9e3b-f8b56ae718f3",
      "utc": true,
      "offset": 0,
      "limit": 1000,
      "filters": [
        {
          "column": "DkAjz",
          "condition": "is",
          "value": "64MnDjekwYt25dS5bZ5x"
        }
      ]
    }
  ]
}
OrderId: 64MnDjekwYt25dS5bZ5x
Number of rows returned: 1000
First 3 rows: [
  {
    "$rowIndex": "W",
    "$rowID": "a-Lsq5-HhQhKVZZ.RIXe3qg",
    "Name": "vbxUgF0CR8m0JCIpbu-7pg",
    "9TCym": "wuqj75edR0670x.mQmMz0A",
    "DkAjz": "qocT4gYNazmW83Jjv8L2",
    "PpduP": "N/A",
    "foEbv": "Katchicks Foods",
    "Xoe7X": "Sausage Meat",
    "vszQ2": "1kg",
    "wlY2L": 5.8,
    "xdc8z": "DDD Sausage Meat",
    "NmhEQ": "QG-A.oJrSF2AmUnmgpDNUg",
    "xDa3g": 0,
    "1QgnP": 2,
    "1OGzY": "2025-09-06T08:04:01.000Z",
    "hOyM7": "sZRVo5.eS5acf7GEVw6eCw"
  },
  {
    "$rowIndex": "W1",
    "$rowID": "sqhbp9S3QlqQFnHSIONhxg",
    "Name": "D41wLjlsTiSy1JjfdfuRHQ",
    "9TCym": "wuqj75edR0670x.mQmMz0A",
    "DkAjz": "qocT4gYNazmW83Jjv8L2",
    "PpduP": "N/A",
    "foEbv": "Katchicks Foods",
    "Xoe7X": "Pancetta",
    "vszQ2": "500g",
    "wlY2L": 12,
    "xdc8z": "DDD Pancetta",
    "NmhEQ": "QG-A.oJrSF2AmUnmgpDNUg",
    "xDa3g": 0,
    "1QgnP": 2,
    "1OGzY": "2025-09-06T08:04:01.000Z",
    "hOyM7": "sZRVo5.eS5acf7GEVw6eCw"
  },
  {
    "$rowIndex": "WB",
    "$rowID": "uJvODIkuQFinM.TkvKa6Jg",
    "Name": "WPxIhfJ2RPy0Cez7F0irnQ",
    "9TCym": "wuqj75edR0670x.mQmMz0A",
    "DkAjz": "rIvq3dVH7myMFdKGhDgk",
    "PpduP": "5395",
    "foEbv": "Holdsworth",
    "Xoe7X": "Mini Jam Jars",
    "vszQ2": "72 x 28g",
    "wlY2L": 22.5,
    "xdc8z": "",
    "NmhEQ": "QG-A.oJrSF2AmUnmgpDNUg",
    "xDa3g": "0",
    "1QgnP": "",
    "1OGzY": "12/05/2025, 10:50:02",
    "BBgmA": "WqVLXMRHQdKKxC9QwIT3hg",
    "hOyM7": "JKGzpLFSRxCfAxNLKmy33A"
  }
]
OrderId: TlLfAhXhwH8tMDptEHQZ
Glide API request body: {
  "appID": "5gyrohBpLyf0trjfoHsp",
  "queries": [
    {
      "tableName": "native-table-efbe8bf7-3e63-4734-9e3b-f8b56ae718f3",
      "utc": true,
      "offset": 0,
      "limit": 1000,
      "filters": [
        {
          "column": "DkAjz",
          "condition": "is",
          "value": "TlLfAhXhwH8tMDptEHQZ"
        }
      ]
    }
  ]
}
OrderId: TlLfAhXhwH8tMDptEHQZ
Number of rows returned: 1000
First 3 rows: [
  {
    "$rowIndex": "W",
    "$rowID": "a-Lsq5-HhQhKVZZ.RIXe3qg",
    "Name": "vbxUgF0CR8m0JCIpbu-7pg",
    "9TCym": "wuqj75edR0670x.mQmMz0A",
    "DkAjz": "qocT4gYNazmW83Jjv8L2",
    "PpduP": "N/A",
    "foEbv": "Katchicks Foods",
    "Xoe7X": "Sausage Meat",
    "vszQ2": "1kg",
    "wlY2L": 5.8,
    "xdc8z": "DDD Sausage Meat",
    "NmhEQ": "QG-A.oJrSF2AmUnmgpDNUg",
    "xDa3g": 0,
    "1QgnP": 2,
    "1OGzY": "2025-09-06T08:04:01.000Z",
    "hOyM7": "sZRVo5.eS5acf7GEVw6eCw"
  },
  {
    "$rowIndex": "W1",
    "$rowID": "sqhbp9S3QlqQFnHSIONhxg",
    "Name": "D41wLjlsTiSy1JjfdfuRHQ",
    "9TCym": "wuqj75edR0670x.mQmMz0A",
    "DkAjz": "qocT4gYNazmW83Jjv8L2",
    "PpduP": "N/A",
    "foEbv": "Katchicks Foods",
    "Xoe7X": "Pancetta",
    "vszQ2": "500g",
    "wlY2L": 12,
    "xdc8z": "DDD Pancetta",
    "NmhEQ": "QG-A.oJrSF2AmUnmgpDNUg",
    "xDa3g": 0,
    "1QgnP": 2,
    "1OGzY": "2025-09-06T08:04:01.000Z",
    "hOyM7": "sZRVo5.eS5acf7GEVw6eCw"
  },
  {
    "$rowIndex": "WB",
    "$rowID": "uJvODIkuQFinM.TkvKa6Jg",
    "Name": "WPxIhfJ2RPy0Cez7F0irnQ",
    "9TCym": "wuqj75edR0670x.mQmMz0A",
    "DkAjz": "rIvq3dVH7myMFdKGhDgk",
    "PpduP": "5395",
    "foEbv": "Holdsworth",
    "Xoe7X": "Mini Jam Jars",
    "vszQ2": "72 x 28g",
    "wlY2L": 22.5,
    "xdc8z": "",
    "NmhEQ": "QG-A.oJrSF2AmUnmgpDNUg",
    "xDa3g": "0",
    "1QgnP": "",
    "1OGzY": "12/05/2025, 10:50:02",
    "BBgmA": "WqVLXMRHQdKKxC9QwIT3hg",
    "hOyM7": "JKGzpLFSRxCfAxNLKmy33A"
  }
]
OrderId: dBZNOwaQwPGSXNeRNGCw
Glide API request body: {
  "appID": "5gyrohBpLyf0trjfoHsp",
  "queries": [
    {
      "tableName": "native-table-efbe8bf7-3e63-4734-9e3b-f8b56ae718f3",
      "utc": true,
      "offset": 0,
      "limit": 1000,
      "filters": [
        {
          "column": "DkAjz",
          "condition": "is",
          "value": "dBZNOwaQwPGSXNeRNGCw"
        }
      ]
    }
  ]
}
OrderId: dBZNOwaQwPGSXNeRNGCw
Number of rows returned: 1000
First 3 rows: [
  {
    "$rowIndex": "W",
    "$rowID": "a-Lsq5-HhQhKVZZ.RIXe3qg",
    "Name": "vbxUgF0CR8m0JCIpbu-7pg",
    "9TCym": "wuqj75edR0670x.mQmMz0A",
    "DkAjz": "qocT4gYNazmW83Jjv8L2",
    "PpduP": "N/A",
    "foEbv": "Katchicks Foods",
    "Xoe7X": "Sausage Meat",
    "vszQ2": "1kg",
    "wlY2L": 5.8,
    "xdc8z": "DDD Sausage Meat",
    "NmhEQ": "QG-A.oJrSF2AmUnmgpDNUg",
    "xDa3g": 0,
    "1QgnP": 2,
    "1OGzY": "2025-09-06T08:04:01.000Z",
    "hOyM7": "sZRVo5.eS5acf7GEVw6eCw"
  },
  {
    "$rowIndex": "W1",
    "$rowID": "sqhbp9S3QlqQFnHSIONhxg",
    "Name": "D41wLjlsTiSy1JjfdfuRHQ",
    "9TCym": "wuqj75edR0670x.mQmMz0A",
    "DkAjz": "qocT4gYNazmW83Jjv8L2",
    "PpduP": "N/A",
    "foEbv": "Katchicks Foods",
    "Xoe7X": "Pancetta",
    "vszQ2": "500g",
    "wlY2L": 12,
    "xdc8z": "DDD Pancetta",
    "NmhEQ": "QG-A.oJrSF2AmUnmgpDNUg",
    "xDa3g": 0,
    "1QgnP": 2,
    "1OGzY": "2025-09-06T08:04:01.000Z",
    "hOyM7": "sZRVo5.eS5acf7GEVw6eCw"
  },
  {
    "$rowIndex": "WB",
    "$rowID": "uJvODIkuQFinM.TkvKa6Jg",
    "Name": "WPxIhfJ2RPy0Cez7F0irnQ",
    "9TCym": "wuqj75edR0670x.mQmMz0A",
    "DkAjz": "rIvq3dVH7myMFdKGhDgk",
    "PpduP": "5395",
    "foEbv": "Holdsworth",
    "Xoe7X": "Mini Jam Jars",
    "vszQ2": "72 x 28g",
    "wlY2L": 22.5,
    "xdc8z": "",
    "NmhEQ": "QG-A.oJrSF2AmUnmgpDNUg",
    "xDa3g": "0",
    "1QgnP": "",
    "1OGzY": "12/05/2025, 10:50:02",
    "BBgmA": "WqVLXMRHQdKKxC9QwIT3hg",
    "hOyM7": "JKGzpLFSRxCfAxNLKmy33A"
  }
]
OrderId: fdb31n3R8mgmVaFCtr9l
Glide API request body: {
  "appID": "5gyrohBpLyf0trjfoHsp",
  "queries": [
    {
      "tableName": "native-table-efbe8bf7-3e63-4734-9e3b-f8b56ae718f3",
      "utc": true,
      "offset": 0,
      "limit": 1000,
      "filters": [
        {
          "column": "DkAjz",
          "condition": "is",
          "value": "fdb31n3R8mgmVaFCtr9l"
        }
      ]
    }
  ]
}
OrderId: fdb31n3R8mgmVaFCtr9l
Number of rows returned: 1000
First 3 rows: [
  {
    "$rowIndex": "W",
    "$rowID": "a-Lsq5-HhQhKVZZ.RIXe3qg",
    "Name": "vbxUgF0CR8m0JCIpbu-7pg",
    "9TCym": "wuqj75edR0670x.mQmMz0A",
    "DkAjz": "qocT4gYNazmW83Jjv8L2",
    "PpduP": "N/A",
    "foEbv": "Katchicks Foods",
    "Xoe7X": "Sausage Meat",
    "vszQ2": "1kg",
    "wlY2L": 5.8,
    "xdc8z": "DDD Sausage Meat",
    "NmhEQ": "QG-A.oJrSF2AmUnmgpDNUg",
    "xDa3g": 0,
    "1QgnP": 2,
    "1OGzY": "2025-09-06T08:04:01.000Z",
    "hOyM7": "sZRVo5.eS5acf7GEVw6eCw"
  },
  {
    "$rowIndex": "W1",
    "$rowID": "sqhbp9S3QlqQFnHSIONhxg",
    "Name": "D41wLjlsTiSy1JjfdfuRHQ",
    "9TCym": "wuqj75edR0670x.mQmMz0A",
    "DkAjz": "qocT4gYNazmW83Jjv8L2",
    "PpduP": "N/A",
    "foEbv": "Katchicks Foods",
    "Xoe7X": "Pancetta",
    "vszQ2": "500g",
    "wlY2L": 12,
    "xdc8z": "DDD Pancetta",
    "NmhEQ": "QG-A.oJrSF2AmUnmgpDNUg",
    "xDa3g": 0,
    "1QgnP": 2,
    "1OGzY": "2025-09-06T08:04:01.000Z",
    "hOyM7": "sZRVo5.eS5acf7GEVw6eCw"
  },
  {
    "$rowIndex": "WB",
    "$rowID": "uJvODIkuQFinM.TkvKa6Jg",
    "Name": "WPxIhfJ2RPy0Cez7F0irnQ",
    "9TCym": "wuqj75edR0670x.mQmMz0A",
    "DkAjz": "rIvq3dVH7myMFdKGhDgk",
    "PpduP": "5395",
    "foEbv": "Holdsworth",
    "Xoe7X": "Mini Jam Jars",
    "vszQ2": "72 x 28g",
    "wlY2L": 22.5,
    "xdc8z": "",
    "NmhEQ": "QG-A.oJrSF2AmUnmgpDNUg",
    "xDa3g": "0",
    "1QgnP": "",
    "1OGzY": "12/05/2025, 10:50:02",
    "BBgmA": "WqVLXMRHQdKKxC9QwIT3hg",
    "hOyM7": "JKGzpLFSRxCfAxNLKmy33A"
  }
]
OrderId: O8wfDqR0vfso4h3EFrf1
Glide API request body: {
  "appID": "5gyrohBpLyf0trjfoHsp",
  "queries": [
    {
      "tableName": "native-table-efbe8bf7-3e63-4734-9e3b-f8b56ae718f3",
      "utc": true,
      "offset": 0,
      "limit": 1000,
      "filters": [
        {
          "column": "DkAjz",
          "condition": "is",
          "value": "O8wfDqR0vfso4h3EFrf1"
        }
      ]
    }
  ]
}
OrderId: O8wfDqR0vfso4h3EFrf1
Number of rows returned: 1000
First 3 rows: [
  {
    "$rowIndex": "W",
    "$rowID": "a-Lsq5-HhQhKVZZ.RIXe3qg",
    "Name": "vbxUgF0CR8m0JCIpbu-7pg",
    "9TCym": "wuqj75edR0670x.mQmMz0A",
    "DkAjz": "qocT4gYNazmW83Jjv8L2",
    "PpduP": "N/A",
    "foEbv": "Katchicks Foods",
    "Xoe7X": "Sausage Meat",
    "vszQ2": "1kg",
    "wlY2L": 5.8,
    "xdc8z": "DDD Sausage Meat",
    "NmhEQ": "QG-A.oJrSF2AmUnmgpDNUg",
    "xDa3g": 0,
    "1QgnP": 2,
    "1OGzY": "2025-09-06T08:04:01.000Z",
    "hOyM7": "sZRVo5.eS5acf7GEVw6eCw"
  },
  {
    "$rowIndex": "W1",
    "$rowID": "sqhbp9S3QlqQFnHSIONhxg",
    "Name": "D41wLjlsTiSy1JjfdfuRHQ",
    "9TCym": "wuqj75edR0670x.mQmMz0A",
    "DkAjz": "qocT4gYNazmW83Jjv8L2",
    "PpduP": "N/A",
    "foEbv": "Katchicks Foods",
    "Xoe7X": "Pancetta",
    "vszQ2": "500g",
    "wlY2L": 12,
    "xdc8z": "DDD Pancetta",
    "NmhEQ": "QG-A.oJrSF2AmUnmgpDNUg",
    "xDa3g": 0,
    "1QgnP": 2,
    "1OGzY": "2025-09-06T08:04:01.000Z",
    "hOyM7": "sZRVo5.eS5acf7GEVw6eCw"
  },
  {
    "$rowIndex": "WB",
    "$rowID": "uJvODIkuQFinM.TkvKa6Jg",
    "Name": "WPxIhfJ2RPy0Cez7F0irnQ",
    "9TCym": "wuqj75edR0670x.mQmMz0A",
    "DkAjz": "rIvq3dVH7myMFdKGhDgk",
    "PpduP": "5395",
    "foEbv": "Holdsworth",
    "Xoe7X": "Mini Jam Jars",
    "vszQ2": "72 x 28g",
    "wlY2L": 22.5,
    "xdc8z": "",
    "NmhEQ": "QG-A.oJrSF2AmUnmgpDNUg",
    "xDa3g": "0",
    "1QgnP": "",
    "1OGzY": "12/05/2025, 10:50:02",
    "BBgmA": "WqVLXMRHQdKKxC9QwIT3hg",
    "hOyM7": "JKGzpLFSRxCfAxNLKmy33A"
  }
]
